<?xml version="1.0" encoding="UTF-8"?>
<!-- Generated by org.testng.reporters.JUnitXMLReporter -->
<testsuite hostname="QPros-AmaniS" ignored="0" name="Surefire test" tests="2" failures="0" timestamp="2022-12-29T00:47:37 EET" time="41.861" errors="0">
  <testcase name="runScenario" time="21.074" classname="io.cucumber.testng.AbstractTestNGCucumberTests"/>
  <testcase name="runScenario" time="19.018" classname="io.cucumber.testng.AbstractTestNGCucumberTests"/>
</testsuite> <!-- Surefire test -->
