<?xml version="1.0" encoding="UTF-8"?>
<testng-results skipped="0" failed="0" ignored="0" total="2" passed="2">
  <reporter-output>
  </reporter-output>
  <suite name="Surefire suite" duration-ms="41861" started-at="2022-12-29T00:46:55 EET" finished-at="2022-12-29T00:47:37 EET">
    <groups>
      <group name="cucumber">
        <method signature="AbstractTestNGCucumberTests.runScenario(io.cucumber.testng.PickleWrapper,io.cucumber.testng.FeatureWrapper)[pri:0, instance:org.example.testRunner.runners@42f93a98]" name="runScenario" class="io.cucumber.testng.AbstractTestNGCucumberTests"/>
      </group> <!-- cucumber -->
    </groups>
    <test name="Surefire test" duration-ms="41861" started-at="2022-12-29T00:46:55 EET" finished-at="2022-12-29T00:47:37 EET">
      <class name="org.example.testRunner.runners">
        <test-method status="PASS" signature="setUpClass(org.testng.ITestContext)[pri:0, instance:org.example.testRunner.runners@42f93a98]" name="setUpClass" is-config="true" duration-ms="1308" started-at="2022-12-29T00:46:55 EET" finished-at="2022-12-29T00:46:56 EET">
          <params>
            <param index="0">
              <value>
                <![CDATA[org.testng.TestRunner@470a659f]]>
              </value>
            </param>
          </params>
          <reporter-output>
          </reporter-output>
        </test-method> <!-- setUpClass -->
        <test-method status="PASS" signature="runScenario(io.cucumber.testng.PickleWrapper,io.cucumber.testng.FeatureWrapper)[pri:0, instance:org.example.testRunner.runners@42f93a98]" name="runScenario" duration-ms="21074" started-at="2022-12-29T00:46:56 EET" description="Runs Cucumber Scenarios" data-provider="scenarios" finished-at="2022-12-29T00:47:17 EET">
          <params>
            <param index="0">
              <value>
                <![CDATA["Change currency to Euro"]]>
              </value>
            </param>
            <param index="1">
              <value>
                <![CDATA["Change currency"]]>
              </value>
            </param>
          </params>
          <reporter-output>
          </reporter-output>
        </test-method> <!-- runScenario -->
        <test-method status="PASS" signature="runScenario(io.cucumber.testng.PickleWrapper,io.cucumber.testng.FeatureWrapper)[pri:0, instance:org.example.testRunner.runners@42f93a98]" name="runScenario" duration-ms="19018" started-at="2022-12-29T00:47:17 EET" description="Runs Cucumber Scenarios" data-provider="scenarios" finished-at="2022-12-29T00:47:36 EET">
          <params>
            <param index="0">
              <value>
                <![CDATA["Favorite a program from programs page"]]>
              </value>
            </param>
            <param index="1">
              <value>
                <![CDATA["Favorite a program"]]>
              </value>
            </param>
          </params>
          <reporter-output>
          </reporter-output>
        </test-method> <!-- runScenario -->
        <test-method status="PASS" signature="tearDownClass()[pri:0, instance:org.example.testRunner.runners@42f93a98]" name="tearDownClass" is-config="true" duration-ms="264" started-at="2022-12-29T00:47:36 EET" finished-at="2022-12-29T00:47:37 EET">
          <reporter-output>
          </reporter-output>
        </test-method> <!-- tearDownClass -->
      </class> <!-- org.example.testRunner.runners -->
    </test> <!-- Surefire test -->
  </suite> <!-- Surefire suite -->
</testng-results>
